TN:
SF:/Users/lijiahao/Desktop/ljh/demo/prerender-spa-plugin-vue-demo/src/components/Hello.vue
FN:7,data
FNF:1
FNH:1
FNDA:1,data
DA:0,1
DA:10,1
LF:2
LH:2
BRF:0
BRH:0
end_of_record
TN:
SF:/Users/lijiahao/Desktop/ljh/demo/prerender-spa-plugin-vue-demo/src/App.vue
FN:11,_interopRequireDefault
FN:14,data
FN:23,ready
FN:26,(anonymous_4)
FNF:4
FNH:1
FNDA:1,_interopRequireDefault
FNDA:0,data
FNDA:0,ready
FNDA:0,(anonymous_4)
DA:0,1
DA:25,1
DA:29,0
DA:36,0
DA:37,0
DA:38,0
LF:6
LH:2
BRDA:11,1,0,0
BRDA:11,1,1,1
BRDA:11,2,0,1
BRDA:11,2,1,1
BRF:4
BRH:4
end_of_record
